[debug] [2020-08-15T03:40:03.858Z] ----------------------------------------------------------------------
[debug] [2020-08-15T03:40:03.860Z] Command:       C:\Program Files\nodejs\node.exe C:\Users\Florenz\AppData\Roaming\npm\node_modules\firebase-tools\lib\bin\firebase.js serve
[debug] [2020-08-15T03:40:03.860Z] CLI Version:   8.6.0
[debug] [2020-08-15T03:40:03.860Z] Platform:      win32
[debug] [2020-08-15T03:40:03.860Z] Node Version:  v12.18.2
[debug] [2020-08-15T03:40:03.862Z] Time:          Fri Aug 14 2020 23:40:03 GMT-0400 (Eastern Daylight Time)
[debug] [2020-08-15T03:40:03.862Z] ----------------------------------------------------------------------
[debug] [2020-08-15T03:40:03.863Z] 
[debug] [2020-08-15T03:40:03.878Z] > command requires scopes: ["email","openid","https://www.googleapis.com/auth/cloudplatformprojects.readonly","https://www.googleapis.com/auth/firebase","https://www.googleapis.com/auth/cloud-platform"]
[debug] [2020-08-15T03:40:03.879Z] > authorizing via signed-in user
[debug] [2020-08-15T03:40:03.880Z] [iam] checking project colab-techacks for permissions ["firebase.projects.get"]
[debug] [2020-08-15T03:40:03.881Z] > refreshing access token with scopes: ["email","https://www.googleapis.com/auth/cloud-platform","https://www.googleapis.com/auth/cloudplatformprojects.readonly","https://www.googleapis.com/auth/firebase","openid"]
[debug] [2020-08-15T03:40:03.882Z] >>> HTTP REQUEST POST https://www.googleapis.com/oauth2/v3/token  
 <request body omitted>
[debug] [2020-08-15T03:40:04.046Z] <<< HTTP RESPONSE 200 {"content-type":"application/json; charset=utf-8","vary":"X-Origin, Referer, Origin,Accept-Encoding","date":"Sat, 15 Aug 2020 03:40:05 GMT","server":"scaffolding on HTTPServer2","cache-control":"private","x-xss-protection":"0","x-frame-options":"SAMEORIGIN","x-content-type-options":"nosniff","alt-svc":"h3-29=\":443\"; ma=2592000,h3-27=\":443\"; ma=2592000,h3-T050=\":443\"; ma=2592000,h3-Q050=\":443\"; ma=2592000,h3-Q046=\":443\"; ma=2592000,h3-Q043=\":443\"; ma=2592000,quic=\":443\"; ma=2592000; v=\"46,43\"","accept-ranges":"none","transfer-encoding":"chunked"}
[debug] [2020-08-15T03:40:04.053Z] >>> HTTP REQUEST POST https://cloudresourcemanager.googleapis.com/v1/projects/colab-techacks:testIamPermissions  
 {"permissions":["firebase.projects.get"]}
[debug] [2020-08-15T03:40:04.325Z] <<< HTTP RESPONSE 200 {"content-type":"application/json; charset=UTF-8","vary":"X-Origin, Referer, Origin,Accept-Encoding","date":"Sat, 15 Aug 2020 03:40:05 GMT","server":"ESF","cache-control":"private","x-xss-protection":"0","x-frame-options":"SAMEORIGIN","x-content-type-options":"nosniff","server-timing":"gfet4t7; dur=153","alt-svc":"h3-29=\":443\"; ma=2592000,h3-27=\":443\"; ma=2592000,h3-T050=\":443\"; ma=2592000,h3-Q050=\":443\"; ma=2592000,h3-Q046=\":443\"; ma=2592000,h3-Q043=\":443\"; ma=2592000,quic=\":443\"; ma=2592000; v=\"46,43\"","accept-ranges":"none","transfer-encoding":"chunked"}
[debug] [2020-08-15T03:40:04.326Z] >>> HTTP REQUEST GET https://firebase.googleapis.com/v1beta1/projects/colab-techacks  
 
[debug] [2020-08-15T03:40:04.599Z] <<< HTTP RESPONSE 200 {"content-type":"application/json; charset=UTF-8","vary":"X-Origin, Referer, Origin,Accept-Encoding","date":"Sat, 15 Aug 2020 03:40:05 GMT","server":"ESF","cache-control":"private","x-xss-protection":"0","x-frame-options":"SAMEORIGIN","x-content-type-options":"nosniff","alt-svc":"h3-29=\":443\"; ma=2592000,h3-27=\":443\"; ma=2592000,h3-T050=\":443\"; ma=2592000,h3-Q050=\":443\"; ma=2592000,h3-Q046=\":443\"; ma=2592000,h3-Q043=\":443\"; ma=2592000,quic=\":443\"; ma=2592000; v=\"46,43\"","accept-ranges":"none","transfer-encoding":"chunked"}
[info] 
[info] === Serving from 'C:\Users\Florenz\desktop\justcodingthingz\colab\techacks'...
[info] 
[warn] !  Your requested "node" version "8" doesn't match your global version "12" {"metadata":{"emulator":{"name":"functions"},"message":"Your requested \"node\" version \"8\" doesn't match your global version \"12\""}}
[info] i  functions: Watching "C:\Users\Florenz\desktop\justcodingthingz\colab\techacks\functions" for Cloud Functions... {"metadata":{"emulator":{"name":"functions"},"message":"Watching \"C:\\Users\\Florenz\\desktop\\justcodingthingz\\colab\\techacks\\functions\" for Cloud Functions..."}}
[debug] [2020-08-15T03:40:06.650Z] [worker-pool] addWorker(~diagnostic~) {"metadata":{"emulator":{"name":"functions"},"message":"[worker-pool] addWorker(~diagnostic~)"}}
[debug] [2020-08-15T03:40:06.651Z] [worker-pool] Adding worker with key ~diagnostic~, total=1 {"metadata":{"emulator":{"name":"functions"},"message":"[worker-pool] Adding worker with key ~diagnostic~, total=1"}}
[debug] [2020-08-15T03:40:06.651Z] [worker-pool] submitWork(triggerId=) {"metadata":{"emulator":{"name":"functions"},"message":"[worker-pool] submitWork(triggerId=)"}}
[debug] [2020-08-15T03:40:06.652Z] [worker-~diagnostic~-a4bcbed4-261a-41d5-b586-bebec0307f71]: Assigning socketPath: \\?\pipe\C:\Users\Florenz\desktop\justcodingthingz\colab\techacks\functions\7728 {"metadata":{"emulator":{"name":"functions"},"message":"[worker-~diagnostic~-a4bcbed4-261a-41d5-b586-bebec0307f71]: Assigning socketPath: \\\\?\\pipe\\C:\\Users\\Florenz\\desktop\\justcodingthingz\\colab\\techacks\\functions\\7728"}}
[debug] [2020-08-15T03:40:06.652Z] [worker-~diagnostic~-a4bcbed4-261a-41d5-b586-bebec0307f71]: BUSY {"metadata":{"emulator":{"name":"functions"},"message":"[worker-~diagnostic~-a4bcbed4-261a-41d5-b586-bebec0307f71]: BUSY"}}
[debug] [2020-08-15T03:40:07.095Z] [runtime-status] [7728] Functions runtime initialized. {"cwd":"C:\\Users\\Florenz\\desktop\\justcodingthingz\\colab\\techacks\\functions","node_version":"12.18.2"} {"metadata":{"emulator":{"name":"functions"},"message":"[runtime-status] [7728] Functions runtime initialized. {\"cwd\":\"C:\\\\Users\\\\Florenz\\\\desktop\\\\justcodingthingz\\\\colab\\\\techacks\\\\functions\",\"node_version\":\"12.18.2\"}"}}
[debug] [2020-08-15T03:40:07.097Z] [runtime-status] [7728] Disabled runtime features: undefined {"metadata":{"emulator":{"name":"functions"},"message":"[runtime-status] [7728] Disabled runtime features: undefined"}}
[debug] [2020-08-15T03:40:07.113Z] [runtime-status] [7728] Resolved module firebase-admin {"declared":true,"installed":true,"version":"9.0.0","resolution":"C:\\Users\\Florenz\\desktop\\justcodingthingz\\node_modules\\firebase-admin\\lib\\index.js"} {"metadata":{"emulator":{"name":"functions"},"message":"[runtime-status] [7728] Resolved module firebase-admin {\"declared\":true,\"installed\":true,\"version\":\"9.0.0\",\"resolution\":\"C:\\\\Users\\\\Florenz\\\\desktop\\\\justcodingthingz\\\\node_modules\\\\firebase-admin\\\\lib\\\\index.js\"}"}}
[debug] [2020-08-15T03:40:07.119Z] [runtime-status] [7728] Resolved module firebase-functions {"declared":true,"installed":true,"version":"3.8.0","resolution":"C:\\Users\\Florenz\\desktop\\justcodingthingz\\node_modules\\firebase-functions\\lib\\index.js"} {"metadata":{"emulator":{"name":"functions"},"message":"[runtime-status] [7728] Resolved module firebase-functions {\"declared\":true,\"installed\":true,\"version\":\"3.8.0\",\"resolution\":\"C:\\\\Users\\\\Florenz\\\\desktop\\\\justcodingthingz\\\\node_modules\\\\firebase-functions\\\\lib\\\\index.js\"}"}}
[debug] [2020-08-15T03:40:07.120Z] [runtime-status] [7728] Resolved module firebase-functions {"declared":true,"installed":true,"version":"3.8.0","resolution":"C:\\Users\\Florenz\\desktop\\justcodingthingz\\node_modules\\firebase-functions\\lib\\index.js"} {"metadata":{"emulator":{"name":"functions"},"message":"[runtime-status] [7728] Resolved module firebase-functions {\"declared\":true,\"installed\":true,\"version\":\"3.8.0\",\"resolution\":\"C:\\\\Users\\\\Florenz\\\\desktop\\\\justcodingthingz\\\\node_modules\\\\firebase-functions\\\\lib\\\\index.js\"}"}}
[debug] [2020-08-15T03:40:07.122Z] [runtime-status] [7728] Outgoing network have been stubbed. [{"name":"http","status":"mocked"},{"name":"http","status":"mocked"},{"name":"https","status":"mocked"},{"name":"https","status":"mocked"},{"name":"net","status":"mocked"}] {"metadata":{"emulator":{"name":"functions"},"message":"[runtime-status] [7728] Outgoing network have been stubbed. [{\"name\":\"http\",\"status\":\"mocked\"},{\"name\":\"http\",\"status\":\"mocked\"},{\"name\":\"https\",\"status\":\"mocked\"},{\"name\":\"https\",\"status\":\"mocked\"},{\"name\":\"net\",\"status\":\"mocked\"}]"}}
[debug] [2020-08-15T03:40:07.122Z] [runtime-status] [7728] Resolved module firebase-functions {"declared":true,"installed":true,"version":"3.8.0","resolution":"C:\\Users\\Florenz\\desktop\\justcodingthingz\\node_modules\\firebase-functions\\lib\\index.js"} {"metadata":{"emulator":{"name":"functions"},"message":"[runtime-status] [7728] Resolved module firebase-functions {\"declared\":true,\"installed\":true,\"version\":\"3.8.0\",\"resolution\":\"C:\\\\Users\\\\Florenz\\\\desktop\\\\justcodingthingz\\\\node_modules\\\\firebase-functions\\\\lib\\\\index.js\"}"}}
[debug] [2020-08-15T03:40:07.240Z] [runtime-status] [7728] Checked functions.config() {"config":{}} {"metadata":{"emulator":{"name":"functions"},"message":"[runtime-status] [7728] Checked functions.config() {\"config\":{}}"}}
[debug] [2020-08-15T03:40:07.240Z] [runtime-status] [7728] firebase-functions has been stubbed. {"functionsResolution":{"declared":true,"installed":true,"version":"3.8.0","resolution":"C:\\Users\\Florenz\\desktop\\justcodingthingz\\node_modules\\firebase-functions\\lib\\index.js"}} {"metadata":{"emulator":{"name":"functions"},"message":"[runtime-status] [7728] firebase-functions has been stubbed. {\"functionsResolution\":{\"declared\":true,\"installed\":true,\"version\":\"3.8.0\",\"resolution\":\"C:\\\\Users\\\\Florenz\\\\desktop\\\\justcodingthingz\\\\node_modules\\\\firebase-functions\\\\lib\\\\index.js\"}}"}}
[debug] [2020-08-15T03:40:07.241Z] [runtime-status] [7728] Resolved module firebase-functions {"declared":true,"installed":true,"version":"3.8.0","resolution":"C:\\Users\\Florenz\\desktop\\justcodingthingz\\node_modules\\firebase-functions\\lib\\index.js"} {"metadata":{"emulator":{"name":"functions"},"message":"[runtime-status] [7728] Resolved module firebase-functions {\"declared\":true,\"installed\":true,\"version\":\"3.8.0\",\"resolution\":\"C:\\\\Users\\\\Florenz\\\\desktop\\\\justcodingthingz\\\\node_modules\\\\firebase-functions\\\\lib\\\\index.js\"}"}}
[debug] [2020-08-15T03:40:07.242Z] [runtime-status] [7728] Resolved module firebase-admin {"declared":true,"installed":true,"version":"9.0.0","resolution":"C:\\Users\\Florenz\\desktop\\justcodingthingz\\node_modules\\firebase-admin\\lib\\index.js"} {"metadata":{"emulator":{"name":"functions"},"message":"[runtime-status] [7728] Resolved module firebase-admin {\"declared\":true,\"installed\":true,\"version\":\"9.0.0\",\"resolution\":\"C:\\\\Users\\\\Florenz\\\\desktop\\\\justcodingthingz\\\\node_modules\\\\firebase-admin\\\\lib\\\\index.js\"}"}}
[debug] [2020-08-15T03:40:07.242Z] [runtime-status] [7728] Resolved module firebase-functions {"declared":true,"installed":true,"version":"3.8.0","resolution":"C:\\Users\\Florenz\\desktop\\justcodingthingz\\node_modules\\firebase-functions\\lib\\index.js"} {"metadata":{"emulator":{"name":"functions"},"message":"[runtime-status] [7728] Resolved module firebase-functions {\"declared\":true,\"installed\":true,\"version\":\"3.8.0\",\"resolution\":\"C:\\\\Users\\\\Florenz\\\\desktop\\\\justcodingthingz\\\\node_modules\\\\firebase-functions\\\\lib\\\\index.js\"}"}}
[debug] [2020-08-15T03:40:07.243Z] [runtime-status] [7728] firebase-admin has been stubbed. {"adminResolution":{"declared":true,"installed":true,"version":"9.0.0","resolution":"C:\\Users\\Florenz\\desktop\\justcodingthingz\\node_modules\\firebase-admin\\lib\\index.js"}} {"metadata":{"emulator":{"name":"functions"},"message":"[runtime-status] [7728] firebase-admin has been stubbed. {\"adminResolution\":{\"declared\":true,\"installed\":true,\"version\":\"9.0.0\",\"resolution\":\"C:\\\\Users\\\\Florenz\\\\desktop\\\\justcodingthingz\\\\node_modules\\\\firebase-admin\\\\lib\\\\index.js\"}}"}}
[warn] !  Error: Cannot find module 'C:\Users\Florenz\desktop\justcodingthingz\colab\techacks\functions\lib\index.js'. Please verify that the package.json has a valid "main" entry
    at tryPackage (internal/modules/cjs/loader.js:322:19)
    at Function.Module._findPath (internal/modules/cjs/loader.js:683:18)
    at Function.Module._resolveFilename (internal/modules/cjs/loader.js:953:27)
    at Function.Module._load (internal/modules/cjs/loader.js:842:27)
    at Module.require (internal/modules/cjs/loader.js:1026:19)
    at require (internal/modules/cjs/helpers.js:72:18)
    at C:\Users\Florenz\AppData\Roaming\npm\node_modules\firebase-tools\lib\emulator\functionsEmulatorRuntime.js:671:33
    at Generator.next (<anonymous>)
    at fulfilled (C:\Users\Florenz\AppData\Roaming\npm\node_modules\firebase-tools\lib\emulator\functionsEmulatorRuntime.js:5:58)
    at processTicksAndRejections (internal/process/task_queues.js:97:5) {"metadata":{"emulator":{"name":"functions"},"message":"Error: Cannot find module 'C:\\Users\\Florenz\\desktop\\justcodingthingz\\colab\\techacks\\functions\\lib\\index.js'. Please verify that the package.json has a valid \"main\" entry\n    at tryPackage (internal/modules/cjs/loader.js:322:19)\n    at Function.Module._findPath (internal/modules/cjs/loader.js:683:18)\n    at Function.Module._resolveFilename (internal/modules/cjs/loader.js:953:27)\n    at Function.Module._load (internal/modules/cjs/loader.js:842:27)\n    at Module.require (internal/modules/cjs/loader.js:1026:19)\n    at require (internal/modules/cjs/helpers.js:72:18)\n    at C:\\Users\\Florenz\\AppData\\Roaming\\npm\\node_modules\\firebase-tools\\lib\\emulator\\functionsEmulatorRuntime.js:671:33\n    at Generator.next (<anonymous>)\n    at fulfilled (C:\\Users\\Florenz\\AppData\\Roaming\\npm\\node_modules\\firebase-tools\\lib\\emulator\\functionsEmulatorRuntime.js:5:58)\n    at processTicksAndRejections (internal/process/task_queues.js:97:5)"}}
[warn] !  We were unable to load your functions code. (see above)
   - It appears your code is written in Typescript, which must be compiled before emulation.
   - You may be able to run "npm run build" in your functions directory to resolve this. {"metadata":{"emulator":{"name":"functions"}}}
[debug] [2020-08-15T03:40:07.267Z] [worker-~diagnostic~-a4bcbed4-261a-41d5-b586-bebec0307f71]: exited {"metadata":{"emulator":{"name":"functions"},"message":"[worker-~diagnostic~-a4bcbed4-261a-41d5-b586-bebec0307f71]: exited"}}
[debug] [2020-08-15T03:40:07.268Z] [worker-~diagnostic~-a4bcbed4-261a-41d5-b586-bebec0307f71]: FINISHED {"metadata":{"emulator":{"name":"functions"},"message":"[worker-~diagnostic~-a4bcbed4-261a-41d5-b586-bebec0307f71]: FINISHED"}}
